<?xml version="1.0" encoding="UTF-8"?>
<!-- Generated by org.testng.reporters.JUnitXMLReporter -->
<testsuite ignored="0" hostname="LAPTOP-5RBGUB60" failures="0" tests="10" name="Default test" time="56.084" errors="0" timestamp="2023-04-10T18:44:57 IST">
  <testcase classname="naukriTesting.TestCheck" name="varifyTitle" time="0.059"/>
  <testcase classname="naukriTesting.TestCheck" name="verifyScreen" time="0.647"/>
  <testcase classname="naukriTesting.TestCheck" name="verifyLogo" time="0.063"/>
  <testcase classname="naukriTesting.TestCheck" name="Scroll" time="0.063"/>
  <testcase classname="naukriTesting.TestCheck" name="VerifyURL" time="0.038"/>
  <testcase classname="naukriTesting.TestCheck" name="Register" time="2.615"/>
  <testcase classname="naukriTesting.TestCheck" name="VerifyLogin" time="0.882"/>
  <testcase classname="naukriTesting.TestCheck" name="operationSearch" time="4.495"/>
  <testcase classname="naukriTesting.TestCheck" name="verifyJob" time="2.114"/>
  <testcase classname="naukriTesting.TestCheck" name="CompWiseApply" time="0.196"/>
</testsuite> <!-- Default test -->
