<?xml version="1.0" encoding="UTF-8"?>
<testng-results ignored="0" total="10" passed="10" failed="0" skipped="0">
  <reporter-output>
  </reporter-output>
  <suite started-at="2023-04-10T18:44:01 IST" name="Default suite" finished-at="2023-04-10T18:44:57 IST" duration-ms="56084">
    <groups>
    </groups>
    <test started-at="2023-04-10T18:44:01 IST" name="Default test" finished-at="2023-04-10T18:44:57 IST" duration-ms="56084">
      <class name="naukriTesting.TestCheck">
        <test-method is-config="true" signature="setUp()[pri:0, instance:naukriTesting.TestCheck@3c407114]" started-at="2023-04-10T18:44:01 IST" name="setUp" finished-at="2023-04-10T18:44:05 IST" duration-ms="4330" status="PASS">
          <reporter-output>
          </reporter-output>
        </test-method> <!-- setUp -->
        <test-method signature="varifyTitle()[pri:0, instance:naukriTesting.TestCheck@3c407114]" started-at="2023-04-10T18:44:05 IST" name="varifyTitle" finished-at="2023-04-10T18:44:05 IST" duration-ms="59" status="PASS">
          <reporter-output>
          </reporter-output>
        </test-method> <!-- varifyTitle -->
        <test-method is-config="true" signature="Close()[pri:0, instance:naukriTesting.TestCheck@3c407114]" started-at="2023-04-10T18:44:05 IST" name="Close" finished-at="2023-04-10T18:44:06 IST" duration-ms="677" status="PASS">
          <reporter-output>
          </reporter-output>
        </test-method> <!-- Close -->
        <test-method is-config="true" signature="setUp()[pri:0, instance:naukriTesting.TestCheck@3c407114]" started-at="2023-04-10T18:44:06 IST" name="setUp" finished-at="2023-04-10T18:44:09 IST" duration-ms="3314" status="PASS">
          <reporter-output>
          </reporter-output>
        </test-method> <!-- setUp -->
        <test-method signature="verifyScreen()[pri:1, instance:naukriTesting.TestCheck@3c407114]" started-at="2023-04-10T18:44:09 IST" name="verifyScreen" finished-at="2023-04-10T18:44:10 IST" duration-ms="647" status="PASS">
          <reporter-output>
          </reporter-output>
        </test-method> <!-- verifyScreen -->
        <test-method is-config="true" signature="Close()[pri:0, instance:naukriTesting.TestCheck@3c407114]" started-at="2023-04-10T18:44:10 IST" name="Close" finished-at="2023-04-10T18:44:10 IST" duration-ms="610" status="PASS">
          <reporter-output>
          </reporter-output>
        </test-method> <!-- Close -->
        <test-method is-config="true" signature="setUp()[pri:0, instance:naukriTesting.TestCheck@3c407114]" started-at="2023-04-10T18:44:10 IST" name="setUp" finished-at="2023-04-10T18:44:15 IST" duration-ms="4351" status="PASS">
          <reporter-output>
          </reporter-output>
        </test-method> <!-- setUp -->
        <test-method signature="verifyLogo()[pri:2, instance:naukriTesting.TestCheck@3c407114]" started-at="2023-04-10T18:44:15 IST" name="verifyLogo" finished-at="2023-04-10T18:44:15 IST" duration-ms="63" status="PASS">
          <reporter-output>
          </reporter-output>
        </test-method> <!-- verifyLogo -->
        <test-method is-config="true" signature="Close()[pri:0, instance:naukriTesting.TestCheck@3c407114]" started-at="2023-04-10T18:44:15 IST" name="Close" finished-at="2023-04-10T18:44:15 IST" duration-ms="388" status="PASS">
          <reporter-output>
          </reporter-output>
        </test-method> <!-- Close -->
        <test-method is-config="true" signature="setUp()[pri:0, instance:naukriTesting.TestCheck@3c407114]" started-at="2023-04-10T18:44:15 IST" name="setUp" finished-at="2023-04-10T18:44:19 IST" duration-ms="3334" status="PASS">
          <reporter-output>
          </reporter-output>
        </test-method> <!-- setUp -->
        <test-method signature="Scroll()[pri:3, instance:naukriTesting.TestCheck@3c407114]" started-at="2023-04-10T18:44:19 IST" name="Scroll" finished-at="2023-04-10T18:44:19 IST" duration-ms="63" status="PASS">
          <reporter-output>
          </reporter-output>
        </test-method> <!-- Scroll -->
        <test-method is-config="true" signature="Close()[pri:0, instance:naukriTesting.TestCheck@3c407114]" started-at="2023-04-10T18:44:19 IST" name="Close" finished-at="2023-04-10T18:44:19 IST" duration-ms="549" status="PASS">
          <reporter-output>
          </reporter-output>
        </test-method> <!-- Close -->
        <test-method is-config="true" signature="setUp()[pri:0, instance:naukriTesting.TestCheck@3c407114]" started-at="2023-04-10T18:44:19 IST" name="setUp" finished-at="2023-04-10T18:44:22 IST" duration-ms="3239" status="PASS">
          <reporter-output>
          </reporter-output>
        </test-method> <!-- setUp -->
        <test-method signature="VerifyURL()[pri:4, instance:naukriTesting.TestCheck@3c407114]" started-at="2023-04-10T18:44:22 IST" name="VerifyURL" finished-at="2023-04-10T18:44:22 IST" duration-ms="38" status="PASS">
          <reporter-output>
          </reporter-output>
        </test-method> <!-- VerifyURL -->
        <test-method is-config="true" signature="Close()[pri:0, instance:naukriTesting.TestCheck@3c407114]" started-at="2023-04-10T18:44:22 IST" name="Close" finished-at="2023-04-10T18:44:23 IST" duration-ms="458" status="PASS">
          <reporter-output>
          </reporter-output>
        </test-method> <!-- Close -->
        <test-method is-config="true" signature="setUp()[pri:0, instance:naukriTesting.TestCheck@3c407114]" started-at="2023-04-10T18:44:23 IST" name="setUp" finished-at="2023-04-10T18:44:28 IST" duration-ms="4628" status="PASS">
          <reporter-output>
          </reporter-output>
        </test-method> <!-- setUp -->
        <test-method signature="Register()[pri:5, instance:naukriTesting.TestCheck@3c407114]" started-at="2023-04-10T18:44:28 IST" name="Register" finished-at="2023-04-10T18:44:30 IST" duration-ms="2615" status="PASS">
          <reporter-output>
          </reporter-output>
        </test-method> <!-- Register -->
        <test-method is-config="true" signature="Close()[pri:0, instance:naukriTesting.TestCheck@3c407114]" started-at="2023-04-10T18:44:30 IST" name="Close" finished-at="2023-04-10T18:44:31 IST" duration-ms="436" status="PASS">
          <reporter-output>
          </reporter-output>
        </test-method> <!-- Close -->
        <test-method is-config="true" signature="setUp()[pri:0, instance:naukriTesting.TestCheck@3c407114]" started-at="2023-04-10T18:44:31 IST" name="setUp" finished-at="2023-04-10T18:44:35 IST" duration-ms="4474" status="PASS">
          <reporter-output>
          </reporter-output>
        </test-method> <!-- setUp -->
        <test-method signature="VerifyLogin()[pri:6, instance:naukriTesting.TestCheck@3c407114]" started-at="2023-04-10T18:44:35 IST" name="VerifyLogin" finished-at="2023-04-10T18:44:36 IST" duration-ms="882" status="PASS">
          <reporter-output>
          </reporter-output>
        </test-method> <!-- VerifyLogin -->
        <test-method is-config="true" signature="Close()[pri:0, instance:naukriTesting.TestCheck@3c407114]" started-at="2023-04-10T18:44:36 IST" name="Close" finished-at="2023-04-10T18:44:36 IST" duration-ms="445" status="PASS">
          <reporter-output>
          </reporter-output>
        </test-method> <!-- Close -->
        <test-method is-config="true" signature="setUp()[pri:0, instance:naukriTesting.TestCheck@3c407114]" started-at="2023-04-10T18:44:36 IST" name="setUp" finished-at="2023-04-10T18:44:41 IST" duration-ms="4386" status="PASS">
          <reporter-output>
          </reporter-output>
        </test-method> <!-- setUp -->
        <test-method signature="operationSearch()[pri:7, instance:naukriTesting.TestCheck@3c407114]" started-at="2023-04-10T18:44:41 IST" name="operationSearch" finished-at="2023-04-10T18:44:45 IST" duration-ms="4495" status="PASS">
          <reporter-output>
          </reporter-output>
        </test-method> <!-- operationSearch -->
        <test-method is-config="true" signature="Close()[pri:0, instance:naukriTesting.TestCheck@3c407114]" started-at="2023-04-10T18:44:45 IST" name="Close" finished-at="2023-04-10T18:44:46 IST" duration-ms="521" status="PASS">
          <reporter-output>
          </reporter-output>
        </test-method> <!-- Close -->
        <test-method is-config="true" signature="setUp()[pri:0, instance:naukriTesting.TestCheck@3c407114]" started-at="2023-04-10T18:44:46 IST" name="setUp" finished-at="2023-04-10T18:44:49 IST" duration-ms="3301" status="PASS">
          <reporter-output>
          </reporter-output>
        </test-method> <!-- setUp -->
        <test-method signature="verifyJob()[pri:8, instance:naukriTesting.TestCheck@3c407114]" started-at="2023-04-10T18:44:49 IST" name="verifyJob" finished-at="2023-04-10T18:44:51 IST" duration-ms="2114" status="PASS">
          <reporter-output>
          </reporter-output>
        </test-method> <!-- verifyJob -->
        <test-method is-config="true" signature="Close()[pri:0, instance:naukriTesting.TestCheck@3c407114]" started-at="2023-04-10T18:44:51 IST" name="Close" finished-at="2023-04-10T18:44:52 IST" duration-ms="440" status="PASS">
          <reporter-output>
          </reporter-output>
        </test-method> <!-- Close -->
        <test-method is-config="true" signature="setUp()[pri:0, instance:naukriTesting.TestCheck@3c407114]" started-at="2023-04-10T18:44:52 IST" name="setUp" finished-at="2023-04-10T18:44:56 IST" duration-ms="4490" status="PASS">
          <reporter-output>
          </reporter-output>
        </test-method> <!-- setUp -->
        <test-method signature="CompWiseApply()[pri:9, instance:naukriTesting.TestCheck@3c407114]" started-at="2023-04-10T18:44:56 IST" name="CompWiseApply" finished-at="2023-04-10T18:44:56 IST" duration-ms="196" status="PASS">
          <reporter-output>
          </reporter-output>
        </test-method> <!-- CompWiseApply -->
        <test-method is-config="true" signature="Close()[pri:0, instance:naukriTesting.TestCheck@3c407114]" started-at="2023-04-10T18:44:56 IST" name="Close" finished-at="2023-04-10T18:44:57 IST" duration-ms="456" status="PASS">
          <reporter-output>
          </reporter-output>
        </test-method> <!-- Close -->
      </class> <!-- naukriTesting.TestCheck -->
    </test> <!-- Default test -->
  </suite> <!-- Default suite -->
</testng-results>
